<?xml version="1.0" encoding="UTF-8"?>
<!-- Generated by org.testng.reporters.JUnitReportReporter -->
<testsuite skipped="0" hostname="KunjSanghavi" name="qaclickacademy.com.SeleniumTest" tests="2" failures="0" timestamp="25 Dec 2019 05:23:00 GMT" time="0.013" errors="0">
  <testcase name="BrowserAutomation" time="0.012" classname="qaclickacademy.com.SeleniumTest"/>
  <testcase name="ElemenUI" time="0.001" classname="qaclickacademy.com.SeleniumTest"/>
</testsuite> <!-- qaclickacademy.com.SeleniumTest -->
