<?xml version="1.0" encoding="UTF-8"?>
<!-- Generated by org.testng.reporters.JUnitReportReporter -->
<testsuite skipped="0" hostname="KunjSanghavi" name="qaclickacademy.com.RestAPITest" tests="2" failures="0" timestamp="25 Dec 2019 05:23:00 GMT" time="0.002" errors="0">
  <testcase name="DeleteTwitter" time="0.001" classname="qaclickacademy.com.RestAPITest"/>
  <testcase name="PostJira" time="0.001" classname="qaclickacademy.com.RestAPITest"/>
</testsuite> <!-- qaclickacademy.com.RestAPITest -->
