<?xml version="1.0" encoding="UTF-8"?>
<!-- Generated by org.testng.reporters.JUnitReportReporter -->
<testsuite skipped="0" hostname="KunjSanghavi" name="qaclickacademy.com.AppiumTest" tests="2" failures="0" timestamp="25 Dec 2019 05:23:00 GMT" time="0.023" errors="0">
  <testcase name="IOSApp" time="0.008" classname="qaclickacademy.com.AppiumTest"/>
  <testcase name="NativeAppAndroid" time="0.015" classname="qaclickacademy.com.AppiumTest"/>
</testsuite> <!-- qaclickacademy.com.AppiumTest -->
