<?xml version="1.0" encoding="UTF-8"?>
<!-- Generated by org.testng.reporters.JUnitReportReporter -->
<testsuite skipped="0" hostname="KunjSanghavi" name="qaclickacademy.com.RestAPITest" tests="2" failures="0" timestamp="2019-12-25T12:08:57 IST" time="0.007" errors="0">
  <testcase name="DeleteTwitter" time="0.007" classname="qaclickacademy.com.RestAPITest"/>
  <system-out/>
  <testcase name="PostJira" time="0.000" classname="qaclickacademy.com.RestAPITest"/>
  <system-out/>
</testsuite> <!-- qaclickacademy.com.RestAPITest -->
