<?xml version="1.0" encoding="UTF-8"?>
<!-- Generated by org.testng.reporters.JUnitReportReporter -->
<testsuite skipped="0" hostname="KunjSanghavi" name="qaclickacademy.com.SeleniumTest" tests="2" failures="0" timestamp="2019-12-25T12:08:45 IST" time="0.001" errors="0">
  <testcase name="BrowserAutomation" time="0.000" classname="qaclickacademy.com.SeleniumTest"/>
  <system-out/>
  <testcase name="ElemenUI" time="0.001" classname="qaclickacademy.com.SeleniumTest"/>
  <system-out/>
</testsuite> <!-- qaclickacademy.com.SeleniumTest -->
