<?xml version="1.0" encoding="UTF-8"?>
<!-- Generated by org.testng.reporters.JUnitReportReporter -->
<testsuite skipped="0" hostname="KunjSanghavi" name="qaclickacademy.com.AppiumTest" tests="2" failures="0" timestamp="2019-12-25T12:08:57 IST" time="0.005" errors="0">
  <testcase name="NativeAppAndroid" time="0.004" classname="qaclickacademy.com.AppiumTest"/>
  <system-out/>
  <testcase name="IOSApp" time="0.001" classname="qaclickacademy.com.AppiumTest"/>
  <system-out/>
</testsuite> <!-- qaclickacademy.com.AppiumTest -->
